<?xml version="1.0" encoding="UTF-8" ?>
<testsuite tests="1" failures="0" name="ch.bbv.fxtest.SearchTest" time="0.047" errors="1" skipped="0">
  <properties>
[...]
</properties>
  <testcase classname="Feature: Book search" name="Feature: Book search" time="0.047">
    <error message="Failed to instantiate class ch.bbv.fxtest.SearchSteps" type="cucumber.runtime.CucumberException">cucumber.runtime.CucumberException: Failed to instantiate class ch.bbv.fxtest.SearchSteps
	at cucumber.runtime.java.DefaultJavaObjectFactory.cacheNewInstance(DefaultJavaObjectFactory.java:46)
	at cucumber.runtime.java.DefaultJavaObjectFactory.getInstance(DefaultJavaObjectFactory.java:32)
	at cucumber.runtime.java.JavaBackend.buildWorld(JavaBackend.java:131)
	at cucumber.runtime.Runtime.buildBackendWorlds(Runtime.java:140)
	at cucumber.runtime.model.CucumberScenario.run(CucumberScenario.java:38)
	at cucumber.runtime.junit.ExecutionUnitRunner.run(ExecutionUnitRunner.java:91)
	at cucumber.runtime.junit.FeatureRunner.runChild(FeatureRunner.java:63)
	at cucumber.runtime.junit.FeatureRunner.runChild(FeatureRunner.java:18)
	at org.junit.runners.ParentRunner$3.run(ParentRunner.java:238)
	at org.junit.runners.ParentRunner$1.schedule(ParentRunner.java:63)
	at org.junit.runners.ParentRunner.runChildren(ParentRunner.java:236)
	at org.junit.runners.ParentRunner.access$000(ParentRunner.java:53)
	at org.junit.runners.ParentRunner$2.evaluate(ParentRunner.java:229)
	at org.junit.runners.ParentRunner.run(ParentRunner.java:309)
	at cucumber.runtime.junit.FeatureRunner.run(FeatureRunner.java:70)
	at cucumber.api.junit.Cucumber.runChild(Cucumber.java:93)
	at cucumber.api.junit.Cucumber.runChild(Cucumber.java:37)
	at org.junit.runners.ParentRunner$3.run(ParentRunner.java:238)
	at org.junit.runners.ParentRunner$1.schedule(ParentRunner.java:63)
	at org.junit.runners.ParentRunner.runChildren(ParentRunner.java:236)
	at org.junit.runners.ParentRunner.access$000(ParentRunner.java:53)
	at org.junit.runners.ParentRunner$2.evaluate(ParentRunner.java:229)
	at org.junit.runners.ParentRunner.run(ParentRunner.java:309)
	at cucumber.api.junit.Cucumber.run(Cucumber.java:98)
	at org.apache.maven.surefire.junit4.JUnit4Provider.execute(JUnit4Provider.java:252)
	at org.apache.maven.surefire.junit4.JUnit4Provider.executeTestSet(JUnit4Provider.java:141)
	at org.apache.maven.surefire.junit4.JUnit4Provider.invoke(JUnit4Provider.java:112)
	at sun.reflect.NativeMethodAccessorImpl.invoke0(Native Method)
	at sun.reflect.NativeMethodAccessorImpl.invoke(NativeMethodAccessorImpl.java:62)
	at sun.reflect.DelegatingMethodAccessorImpl.invoke(DelegatingMethodAccessorImpl.java:43)
	at java.lang.reflect.Method.invoke(Method.java:497)
	at org.apache.maven.surefire.util.ReflectionUtils.invokeMethodWithArray(ReflectionUtils.java:189)
	at org.apache.maven.surefire.booter.ProviderFactory$ProviderProxy.invoke(ProviderFactory.java:165)
	at org.apache.maven.surefire.booter.ProviderFactory.invokeProvider(ProviderFactory.java:85)
	at org.apache.maven.surefire.booter.ForkedBooter.runSuitesInProcess(ForkedBooter.java:115)
	at org.apache.maven.surefire.booter.ForkedBooter.main(ForkedBooter.java:75)
Caused by: java.lang.reflect.InvocationTargetException
	at sun.reflect.NativeConstructorAccessorImpl.newInstance0(Native Method)
	at sun.reflect.NativeConstructorAccessorImpl.newInstance(NativeConstructorAccessorImpl.java:62)
	at sun.reflect.DelegatingConstructorAccessorImpl.newInstance(DelegatingConstructorAccessorImpl.java:45)
	at java.lang.reflect.Constructor.newInstance(Constructor.java:422)
	at cucumber.runtime.java.DefaultJavaObjectFactory.cacheNewInstance(DefaultJavaObjectFactory.java:40)
	... 35 more
Caused by: cucumber.runtime.CucumberException: java.lang.IllegalArgumentException: Wrong type at constant pool index
	at cucumber.runtime.java.JavaBackend.addStepDefinition(JavaBackend.java:164)
	at cucumber.api.java8.En.Given(En.java:217)
	at ch.bbv.fxtest.SearchSteps.&lt;init&gt;(SearchSteps.java:21)
	... 40 more
Caused by: java.lang.IllegalArgumentException: Wrong type at constant pool index
	at sun.reflect.ConstantPool.getMemberRefInfoAt0(Native Method)
	at sun.reflect.ConstantPool.getMemberRefInfoAt(ConstantPool.java:47)
	at cucumber.runtime.java8.ConstantPoolTypeIntrospector.getTypeString(ConstantPoolTypeIntrospector.java:37)
	at cucumber.runtime.java8.ConstantPoolTypeIntrospector.getGenericTypes(ConstantPoolTypeIntrospector.java:27)
	at cucumber.runtime.java.Java8StepDefinition.&lt;init&gt;(Java8StepDefinition.java:45)
	at cucumber.runtime.java.JavaBackend.addStepDefinition(JavaBackend.java:162)
	... 42 more
</error>
    <system-out>Feature: Book search
  To allow a customer to find his favourite books quickly, the library must offer multiple ways to search for a book.
</system-out>
  </testcase>
</testsuite>